2025-10-23 09:22:26,854 - RP_solo_ver2_3 - INFO - 数据读取
2025-10-23 09:33:36,511 - RP_solo_ver2_3 - INFO - 日志建立完成
2025-10-23 09:33:40,937 - RP_solo_ver2_3 - INFO - ==================================================
读取调仓日成功，调仓日期:
date_example:2016-01-04 00:00:00
date_example:2016-01-05 00:00:00
date_example:2016-01-06 00:00:00...
==================================================
2025-10-23 09:33:51,681 - RP_solo_ver2_3 - INFO - 回测，日期为：2016-01-04 00:00:00，产品为：['000300.SH', 'CBA00301.CS', 'AU9999.SGE', 'NH0100.NHF', 'IXIC.GI', 'SPX.GI', 'HSI.HI', 'N225.GI', 'TY.CBT', 'FTSE.GI']，权重为：[0.032312162521879385, 0.2846275466036578, 0.04808391446922042, 0.06162077046012099, 0.02966713735143903, 0.032206485463428185, 0.01974840477330608, 0.049742445262661965, 0.4199607607482719, 0.022030372346014265]
2025-10-23 09:34:02,514 - RP_solo_ver2_3 - INFO - 回测，日期为：2016-01-05 00:00:00，产品为：['000300.SH', 'CBA00301.CS', 'AU9999.SGE', 'NH0100.NHF', 'IXIC.GI', 'SPX.GI', 'HSI.HI', 'N225.GI', 'TY.CBT', 'FTSE.GI']，权重为：[0.027234990537861492, 0.24785500182040682, 0.055222674031503854, 0.06514481795872867, 0.024320293273894057, 0.03576344939988443, 0.024259734587172444, 0.04634261406960517, 0.4484473801344787, 0.025409044186464294]
2025-10-23 09:34:13,465 - RP_solo_ver2_3 - INFO - 回测，日期为：2016-01-06 00:00:00，产品为：['000300.SH', 'CBA00301.CS', 'AU9999.SGE', 'NH0100.NHF', 'IXIC.GI', 'SPX.GI', 'HSI.HI', 'N225.GI', 'TY.CBT', 'FTSE.GI']，权重为：[0.025399466267150866, 0.2645034238255913, 0.05868795908421065, 0.06135628191605438, 0.023345716774468152, 0.03550321778401412, 0.022567630912059326, 0.043626364671252284, 0.4360309181544979, 0.02897902061070107]
2025-10-23 09:36:22,735 - RP_solo_ver2_3 - INFO - ==================================================
读取调仓日成功，调仓日期:
date_example:2016-01-04 00:00:00
date_example:2016-01-05 00:00:00
date_example:2016-01-06 00:00:00...
==================================================
2025-10-23 09:37:48,185 - RP_solo_ver2_3 - INFO - ==================================================
读取调仓日成功，调仓日期:
date_example:2016-01-04 00:00:00
date_example:2016-01-05 00:00:00
date_example:2016-01-06 00:00:00...
==================================================
2025-10-23 09:37:58,002 - RP_solo_ver2_3 - INFO - 回测，日期为：2016-01-04 00:00:00，产品为：['000300.SH', 'CBA00301.CS', 'AU9999.SGE', 'NH0100.NHF', 'IXIC.GI', 'SPX.GI', 'HSI.HI', 'N225.GI', 'TY.CBT', 'FTSE.GI']，权重为：[0.034714571434959686, 0.22345029583648382, 0.03992986486110938, 0.06691703497175486, 0.031193555904880845, 0.030426823114274835, 0.02624460825993778, 0.05402481780120878, 0.4666897657631761, 0.02640866205221399]
2025-10-23 09:38:08,858 - RP_solo_ver2_3 - INFO - 回测，日期为：2016-01-05 00:00:00，产品为：['000300.SH', 'CBA00301.CS', 'AU9999.SGE', 'NH0100.NHF', 'IXIC.GI', 'SPX.GI', 'HSI.HI', 'N225.GI', 'TY.CBT', 'FTSE.GI']，权重为：[0.020091663464611914, 0.29405409593867404, 0.059006558859744554, 0.05725016031119536, 0.029112083276209615, 0.02854260026864418, 0.02491784531898491, 0.04685204721965953, 0.41643489187100735, 0.023738053471268696]
2025-10-23 09:38:19,948 - RP_solo_ver2_3 - INFO - 回测，日期为：2016-01-06 00:00:00，产品为：['000300.SH', 'CBA00301.CS', 'AU9999.SGE', 'NH0100.NHF', 'IXIC.GI', 'SPX.GI', 'HSI.HI', 'N225.GI', 'TY.CBT', 'FTSE.GI']，权重为：[0.02638619699051943, 0.2322732685929024, 0.05709634586197853, 0.06561233044937617, 0.03375181293991274, 0.03186559767440172, 0.02438782178972201, 0.04706686726344085, 0.45810237565984496, 0.023457382777901232]
2025-10-23 09:38:31,097 - RP_solo_ver2_3 - INFO - 回测，日期为：2016-01-07 00:00:00，产品为：['000300.SH', 'CBA00301.CS', 'AU9999.SGE', 'NH0100.NHF', 'IXIC.GI', 'SPX.GI', 'HSI.HI', 'N225.GI', 'TY.CBT', 'FTSE.GI']，权重为：[0.028215168277149275, 0.2967318062264463, 0.051942225120728595, 0.04985050789100021, 0.02311006564912403, 0.030980447918819293, 0.021451856382634103, 0.03977832383842429, 0.4356265017885685, 0.022313096907105277]
2025-10-23 09:39:00,118 - RP_solo_ver2_3 - INFO - ==================================================
读取调仓日成功，调仓日期:
date_example:2016-01-04 00:00:00
date_example:2016-04-05 00:00:00
date_example:2016-07-01 00:00:00...
==================================================
2025-10-23 09:39:10,534 - RP_solo_ver2_3 - INFO - 回测，日期为：2016-01-04 00:00:00，产品为：['000300.SH', 'CBA00301.CS', 'AU9999.SGE', 'NH0100.NHF', 'IXIC.GI', 'SPX.GI', 'HSI.HI', 'N225.GI', 'TY.CBT', 'FTSE.GI']，权重为：[0.03138069829634002, 0.2760841167318641, 0.05050178408604141, 0.05771828830058759, 0.027273814273548507, 0.029826067037621414, 0.023753642811595557, 0.0566492060825841, 0.42063615034911844, 0.026176232030698913]
2025-10-23 09:39:32,932 - RP_solo_ver2_3 - INFO - 回测，日期为：2016-04-05 00:00:00，产品为：['000300.SH', 'CBA00301.CS', 'AU9999.SGE', 'NH0100.NHF', 'IXIC.GI', 'SPX.GI', 'HSI.HI', 'N225.GI', 'TY.CBT', 'FTSE.GI']，权重为：[0.018463586251782314, 0.45641061984448367, 0.053673801567826654, 0.03426442799404344, 0.020679690651135053, 0.023597095927358647, 0.021425824001863512, 0.05688305428643273, 0.29484260619483893, 0.019759293280234926]
2025-10-23 09:39:53,033 - RP_solo_ver2_3 - INFO - 回测，日期为：2016-07-01 00:00:00，产品为：['000300.SH', 'CBA00301.CS', 'AU9999.SGE', 'NH0100.NHF', 'IXIC.GI', 'SPX.GI', 'HSI.HI', 'N225.GI', 'TY.CBT', 'FTSE.GI']，权重为：[0.029983383871715376, 0.37362092814239994, 0.08560192008666836, 0.02189738465064827, 0.03860725423851679, 0.03978828075086362, 0.02385136961389078, 0.041126493313998085, 0.32114942259743257, 0.02437356273386629]
2025-10-23 09:40:07,355 - RP_solo_ver2_3 - INFO - 回测，日期为：2016-09-27 00:00:00，产品为：['000300.SH', 'CBA00301.CS', 'AU9999.SGE', 'NH0100.NHF', 'IXIC.GI', 'SPX.GI', 'HSI.HI', 'N225.GI', 'TY.CBT', 'FTSE.GI']，权重为：[0.04255282173481307, 0.3268293963028721, 0.11493079945923558, 0.021999564860533786, 0.03814954452597418, 0.06615366065205736, 0.03309887851807572, 0.03743825280897266, 0.2890877647398133, 0.029759316397652318]
2025-10-23 09:40:18,305 - RP_solo_ver2_3 - INFO - 回测，日期为：2016-12-27 00:00:00，产品为：['000300.SH', 'CBA00301.CS', 'AU9999.SGE', 'NH0100.NHF', 'IXIC.GI', 'SPX.GI', 'HSI.HI', 'N225.GI', 'TY.CBT', 'FTSE.GI']，权重为：[0.05996204976226131, 0.22489803991891716, 0.11580806589700593, 0.026755904088537653, 0.05172686330049195, 0.07167979767206843, 0.04208590767260933, 0.07465707697871098, 0.2687961714400855, 0.06363012326931176]
2025-10-23 09:40:27,163 - RP_solo_ver2_3 - INFO - 回测，日期为：2017-03-29 00:00:00，产品为：['000300.SH', 'CBA00301.CS', 'AU9999.SGE', 'NH0100.NHF', 'IXIC.GI', 'SPX.GI', 'HSI.HI', 'N225.GI', 'TY.CBT', 'FTSE.GI']，权重为：[0.08449125575541558, 0.21945437440351884, 0.05272281168231219, 0.02837492998036003, 0.06621565724443586, 0.05467140982945298, 0.03144432918249693, 0.07977466143114761, 0.2910011336318028, 0.09184943685905714]
2025-10-23 09:40:35,121 - RP_solo_ver2_3 - INFO - 回测，日期为：2017-06-28 00:00:00，产品为：['000300.SH', 'CBA00301.CS', 'AU9999.SGE', 'NH0100.NHF', 'IXIC.GI', 'SPX.GI', 'HSI.HI', 'N225.GI', 'TY.CBT', 'FTSE.GI']，权重为：[0.055178000068346604, 0.2925627654452329, 0.08232563247188404, 0.05220240942672225, 0.06521381942699903, 0.08637920097225264, 0.04403291229554676, 0.06501223704756148, 0.18233267283209129, 0.07476035001336284]
2025-10-23 09:40:42,793 - RP_solo_ver2_3 - INFO - 回测，日期为：2017-09-20 00:00:00，产品为：['000300.SH', 'CBA00301.CS', 'AU9999.SGE', 'NH0100.NHF', 'IXIC.GI', 'SPX.GI', 'HSI.HI', 'N225.GI', 'TY.CBT', 'FTSE.GI']，权重为：[0.05462447139260113, 0.47635003597467984, 0.11551306631220304, 0.04022321433776227, 0.03575838783928705, 0.06441707894150901, 0.047777115438066294, 0.06000851109236394, 0.04258578237271205, 0.06274233629881548]
2025-10-23 09:40:49,612 - RP_solo_ver2_3 - INFO - 回测，日期为：2017-12-20 00:00:00，产品为：['000300.SH', 'CBA00301.CS', 'AU9999.SGE', 'NH0100.NHF', 'IXIC.GI', 'SPX.GI', 'HSI.HI', 'N225.GI', 'TY.CBT', 'FTSE.GI']，权重为：[0.04846332849703674, 0.4244311669775782, 0.054015784287852364, 0.020910114259442822, 0.054648131592793664, 0.06962837218955303, 0.02426767568780302, 0.04223692484071969, 0.21696694338149478, 0.04443155828572575]
2025-10-23 09:41:01,287 - RP_solo_ver2_3 - INFO - 回测，日期为：2018-03-22 00:00:00，产品为：['000300.SH', 'CBA00301.CS', 'AU9999.SGE', 'NH0100.NHF', 'IXIC.GI', 'SPX.GI', 'HSI.HI', 'N225.GI', 'TY.CBT', 'FTSE.GI']，权重为：[0.01792219636392745, 0.38679570536948804, 0.06900590594774535, 0.04991208079792463, 0.018768483930562442, 0.023683839344017403, 0.02071636028146521, 0.02193120529861876, 0.36561864325369603, 0.025645579412554784]
2025-10-23 09:41:16,642 - RP_solo_ver2_3 - INFO - 回测，日期为：2018-06-21 00:00:00，产品为：['000300.SH', 'CBA00301.CS', 'AU9999.SGE', 'NH0100.NHF', 'IXIC.GI', 'SPX.GI', 'HSI.HI', 'N225.GI', 'TY.CBT', 'FTSE.GI']，权重为：[0.02367116579301677, 0.3030665114762073, 0.09254300074971379, 0.06643983241655797, 0.022221338481155786, 0.027830172956565608, 0.017214776365414092, 0.0345982308777373, 0.36357900826856343, 0.048835962615068035]
2025-10-23 09:41:28,583 - RP_solo_ver2_3 - INFO - 回测，日期为：2018-09-13 00:00:00，产品为：['000300.SH', 'CBA00301.CS', 'AU9999.SGE', 'NH0100.NHF', 'IXIC.GI', 'SPX.GI', 'HSI.HI', 'N225.GI', 'TY.CBT', 'FTSE.GI']，权重为：[0.024761458184560194, 0.3361870008484105, 0.09446618711190707, 0.08021964409324588, 0.0460322907729934, 0.052390131800159744, 0.023518065521068506, 0.0388120109352572, 0.25763683519194397, 0.04597637554045362]
2025-10-23 09:41:42,547 - RP_solo_ver2_3 - INFO - 回测，日期为：2018-12-14 00:00:00，产品为：['000300.SH', 'CBA00301.CS', 'AU9999.SGE', 'NH0100.NHF', 'IXIC.GI', 'SPX.GI', 'HSI.HI', 'N225.GI', 'TY.CBT', 'FTSE.GI']，权重为：[0.018311969923005215, 0.312536105573537, 0.19328184248539218, 0.06408473414162856, 0.018882180359940815, 0.030181918672740064, 0.017941040828603847, 0.040325879404348744, 0.26362495734054736, 0.04082937127025623]
2025-10-23 09:41:55,992 - RP_solo_ver2_3 - INFO - 回测，日期为：2019-03-19 00:00:00，产品为：['000300.SH', 'CBA00301.CS', 'AU9999.SGE', 'NH0100.NHF', 'IXIC.GI', 'SPX.GI', 'HSI.HI', 'N225.GI', 'TY.CBT', 'FTSE.GI']，权重为：[0.026657964941665658, 0.2973888768272509, 0.11272473103061328, 0.06532744777312369, 0.01975570374340648, 0.027042717189725098, 0.027510050352453765, 0.039257726171306295, 0.35165921862525934, 0.03267556334519561]
2025-10-23 09:42:05,824 - RP_solo_ver2_3 - INFO - 回测，日期为：2019-06-18 00:00:00，产品为：['000300.SH', 'CBA00301.CS', 'AU9999.SGE', 'NH0100.NHF', 'IXIC.GI', 'SPX.GI', 'HSI.HI', 'N225.GI', 'TY.CBT', 'FTSE.GI']，权重为：[0.031166754476372675, 0.6862631661709282, 0.03946160891194995, 0.0612567443003618, 0.025733348105464782, 0.033339223663599205, 0.024496813980610287, 0.036299894255464676, 0.03124689462548472, 0.030735551509763804]
2025-10-23 09:42:14,778 - RP_solo_ver2_3 - INFO - 回测，日期为：2019-09-10 00:00:00，产品为：['000300.SH', 'CBA00301.CS', 'AU9999.SGE', 'NH0100.NHF', 'IXIC.GI', 'SPX.GI', 'HSI.HI', 'N225.GI', 'TY.CBT', 'FTSE.GI']，权重为：[0.03581452354251966, 0.19137406965575676, 0.06574475938891211, 0.0683631088683748, 0.03609565095107284, 0.04382551287876524, 0.02340492310440846, 0.05559140165044417, 0.4169518190503523, 0.06283423090939366]
2025-10-23 09:42:22,621 - RP_solo_ver2_3 - INFO - 回测，日期为：2019-12-11 00:00:00，产品为：['000300.SH', 'CBA00301.CS', 'AU9999.SGE', 'NH0100.NHF', 'IXIC.GI', 'SPX.GI', 'HSI.HI', 'N225.GI', 'TY.CBT', 'FTSE.GI']，权重为：[0.039647262923900944, 0.28215067326445364, 0.06208463700781515, 0.07663687540132193, 0.05826679107520362, 0.040699388681624774, 0.04028533556487401, 0.026176576743052998, 0.3142180192873145, 0.05983444005043832]
2025-10-23 09:42:41,179 - RP_solo_ver2_3 - INFO - 回测，日期为：2020-03-13 00:00:00，产品为：['000300.SH', 'CBA00301.CS', 'AU9999.SGE', 'NH0100.NHF', 'IXIC.GI', 'SPX.GI', 'HSI.HI', 'N225.GI', 'TY.CBT', 'FTSE.GI']，权重为：[0.02543137724024186, 0.5908267352912133, 0.0440997399276101, 0.03645592611328527, 0.012658039822197799, 0.014004340003165933, 0.030719941581509543, 0.020730077809109213, 0.21334391373788503, 0.011729908473781926]
2025-10-23 09:42:57,954 - RP_solo_ver2_3 - INFO - 回测，日期为：2020-06-11 00:00:00，产品为：['000300.SH', 'CBA00301.CS', 'AU9999.SGE', 'NH0100.NHF', 'IXIC.GI', 'SPX.GI', 'HSI.HI', 'N225.GI', 'TY.CBT', 'FTSE.GI']，权重为：[0.03774847979297497, 0.42298329421606606, 0.042357031692042815, 0.058449445565375305, 0.018488340181821314, 0.018160363771663173, 0.03676933980639656, 0.015826903925151705, 0.3247786241077906, 0.024438176940717527]
2025-10-23 09:43:17,052 - RP_solo_ver2_3 - INFO - 回测，日期为：2020-09-07 00:00:00，产品为：['000300.SH', 'CBA00301.CS', 'AU9999.SGE', 'NH0100.NHF', 'IXIC.GI', 'SPX.GI', 'HSI.HI', 'N225.GI', 'TY.CBT', 'FTSE.GI']，权重为：[0.034628252678904486, 0.4089065371556719, 0.031645539993158056, 0.05568243318748649, 0.017867600844171768, 0.016383473561409536, 0.03587283682658784, 0.022055103157921772, 0.3515941259335162, 0.02536409666117194]
2025-10-23 09:43:34,694 - RP_solo_ver2_3 - INFO - 回测，日期为：2020-12-08 00:00:00，产品为：['000300.SH', 'CBA00301.CS', 'AU9999.SGE', 'NH0100.NHF', 'IXIC.GI', 'SPX.GI', 'HSI.HI', 'N225.GI', 'TY.CBT', 'FTSE.GI']，权重为：[0.025158023794031696, 0.4796752448963828, 0.036947954092135624, 0.030479189847636447, 0.013316480505517153, 0.015046614213956944, 0.01860413533412792, 0.016755950588968203, 0.3453137709190286, 0.018702635808214695]
2025-10-23 09:43:52,555 - RP_solo_ver2_3 - INFO - 回测，日期为：2021-03-10 00:00:00，产品为：['000300.SH', 'CBA00301.CS', 'AU9999.SGE', 'NH0100.NHF', 'IXIC.GI', 'SPX.GI', 'HSI.HI', 'N225.GI', 'TY.CBT', 'FTSE.GI']，权重为：[0.013081760574638092, 0.5345712314001291, 0.03958281953094053, 0.04345365534421767, 0.014311081101860449, 0.02016572458282227, 0.018188432967309195, 0.017845460834977133, 0.2730133403193651, 0.02578649334374051]
2025-10-23 09:44:01,490 - RP_solo_ver2_3 - INFO - 回测，日期为：2021-06-08 00:00:00，产品为：['000300.SH', 'CBA00301.CS', 'AU9999.SGE', 'NH0100.NHF', 'IXIC.GI', 'SPX.GI', 'HSI.HI', 'N225.GI', 'TY.CBT', 'FTSE.GI']，权重为：[0.02753389629751202, 0.6090528531841038, 0.06010585374669263, 0.03958730964674582, 0.023610301960702185, 0.023216802377571934, 0.02587073226206458, 0.024280060740088854, 0.12816857354356978, 0.038573616240948155]
2025-10-23 09:44:11,636 - RP_solo_ver2_3 - INFO - 回测，日期为：2021-09-01 00:00:00，产品为：['000300.SH', 'CBA00301.CS', 'AU9999.SGE', 'NH0100.NHF', 'IXIC.GI', 'SPX.GI', 'HSI.HI', 'N225.GI', 'TY.CBT', 'FTSE.GI']，权重为：[0.04373721589760494, 0.28819764849651563, 0.09426336480279938, 0.02881155827364537, 0.030296282395442298, 0.05514238672808614, 0.0301538504026458, 0.044540934812954895, 0.3345557469853458, 0.05030101120495962]
2025-10-23 09:44:25,941 - RP_solo_ver2_3 - INFO - 回测，日期为：2021-12-03 00:00:00，产品为：['000300.SH', 'CBA00301.CS', 'AU9999.SGE', 'NH0100.NHF', 'IXIC.GI', 'SPX.GI', 'HSI.HI', 'N225.GI', 'TY.CBT', 'FTSE.GI']，权重为：[0.0776651307365803, 0.12139757758256504, 0.0699608571389045, 0.05308970775451822, 0.023360561152531406, 0.05579050676902653, 0.02959382803000766, 0.02852680348420515, 0.4580026106241753, 0.08261241672748597]
2025-10-23 09:44:36,873 - RP_solo_ver2_3 - INFO - 回测，日期为：2022-03-07 00:00:00，产品为：['000300.SH', 'CBA00301.CS', 'AU9999.SGE', 'NH0100.NHF', 'IXIC.GI', 'SPX.GI', 'HSI.HI', 'N225.GI', 'TY.CBT', 'FTSE.GI']，权重为：[0.031253603881108594, 0.45697177999884564, 0.0339129583293242, 0.06346737030396167, 0.026200260157779615, 0.02953832340482039, 0.016489836576995907, 0.02328347832910734, 0.24587489441197927, 0.0730074946060773]
2025-10-23 09:44:49,278 - RP_solo_ver2_3 - INFO - 回测，日期为：2022-06-07 00:00:00，产品为：['000300.SH', 'CBA00301.CS', 'AU9999.SGE', 'NH0100.NHF', 'IXIC.GI', 'SPX.GI', 'HSI.HI', 'N225.GI', 'TY.CBT', 'FTSE.GI']，权重为：[0.06138032866396577, 0.39261990814193104, 0.14458283279263393, 0.05457991956686705, 0.01795717679249498, 0.033407557497202055, 0.028096201335724328, 0.05063645458232263, 0.15803596928229457, 0.058703651344563616]
2025-10-23 09:45:02,593 - RP_solo_ver2_3 - INFO - 回测，日期为：2022-08-30 00:00:00，产品为：['000300.SH', 'CBA00301.CS', 'AU9999.SGE', 'NH0100.NHF', 'IXIC.GI', 'SPX.GI', 'HSI.HI', 'N225.GI', 'TY.CBT', 'FTSE.GI']，权重为：[0.0952672672609679, 0.4968168919369979, 0.09863089657722789, 0.016052897357855873, 0.01798036955816685, 0.02187894619513797, 0.03548198900274495, 0.03980005918104205, 0.10915851502718821, 0.06893216790267029]
2025-10-23 09:45:15,407 - RP_solo_ver2_3 - INFO - 回测，日期为：2022-11-30 00:00:00，产品为：['000300.SH', 'CBA00301.CS', 'AU9999.SGE', 'NH0100.NHF', 'IXIC.GI', 'SPX.GI', 'HSI.HI', 'N225.GI', 'TY.CBT', 'FTSE.GI']，权重为：[0.05030097129179464, 0.5359955962203498, 0.09008929957461959, 0.04309926802169885, 0.027234202004765357, 0.02267971558841446, 0.02162866812972773, 0.032758308005790264, 0.11146164521166121, 0.0647523259511782]
2025-10-23 09:45:27,086 - RP_solo_ver2_3 - INFO - 回测，日期为：2023-03-02 00:00:00，产品为：['000300.SH', 'CBA00301.CS', 'AU9999.SGE', 'NH0100.NHF', 'IXIC.GI', 'SPX.GI', 'HSI.HI', 'N225.GI', 'TY.CBT', 'FTSE.GI']，权重为：[0.059415195385881275, 0.44634066331619837, 0.05628299703472259, 0.08188642345630961, 0.028569664728436753, 0.03864797993049718, 0.02599192883764493, 0.06765636581216873, 0.11731714643463965, 0.07789163506350097]
2025-10-23 09:45:38,037 - RP_solo_ver2_3 - INFO - 回测，日期为：2023-05-31 00:00:00，产品为：['000300.SH', 'CBA00301.CS', 'AU9999.SGE', 'NH0100.NHF', 'IXIC.GI', 'SPX.GI', 'HSI.HI', 'N225.GI', 'TY.CBT', 'FTSE.GI']，权重为：[0.04356897558029728, 0.40379128930465236, 0.08782138117277373, 0.06718525376519424, 0.03373542447752276, 0.03165066478731165, 0.03235489197652622, 0.074109983897646, 0.16222568100729975, 0.06355645403077609]
2025-10-23 09:45:51,716 - RP_solo_ver2_3 - INFO - 回测，日期为：2023-08-25 00:00:00，产品为：['000300.SH', 'CBA00301.CS', 'AU9999.SGE', 'NH0100.NHF', 'IXIC.GI', 'SPX.GI', 'HSI.HI', 'N225.GI', 'TY.CBT', 'FTSE.GI']，权重为：[0.04378793331100435, 0.539314806944395, 0.14069007303353934, 0.05163353477525424, 0.021494420796460707, 0.03581106932557863, 0.01687832456429368, 0.03515204461443769, 0.08109100171566576, 0.034146790919370694]
2025-10-23 09:46:02,992 - RP_solo_ver2_3 - INFO - 回测，日期为：2023-11-27 00:00:00，产品为：['000300.SH', 'CBA00301.CS', 'AU9999.SGE', 'NH0100.NHF', 'IXIC.GI', 'SPX.GI', 'HSI.HI', 'N225.GI', 'TY.CBT', 'FTSE.GI']，权重为：[0.05636947734451219, 0.5496262350404945, 0.09030295731900996, 0.08569132553506234, 0.02476682122220755, 0.029256980618608864, 0.024022950299131225, 0.024610694298213817, 0.0694642665318179, 0.04588829179094168]
2025-10-23 09:46:14,408 - RP_solo_ver2_3 - INFO - 回测，日期为：2024-02-28 00:00:00，产品为：['000300.SH', 'CBA00301.CS', 'AU9999.SGE', 'NH0100.NHF', 'IXIC.GI', 'SPX.GI', 'HSI.HI', 'N225.GI', 'TY.CBT', 'FTSE.GI']，权重为：[0.04161175563487344, 0.3495257262566318, 0.16415144775675133, 0.10476243103724033, 0.0400766310569314, 0.037408446470156974, 0.02467343050949477, 0.028225076046258492, 0.15577697070826632, 0.05378808452339528]
2025-10-23 09:46:25,512 - RP_solo_ver2_3 - INFO - 回测，日期为：2024-05-29 00:00:00，产品为：['000300.SH', 'CBA00301.CS', 'AU9999.SGE', 'NH0100.NHF', 'IXIC.GI', 'SPX.GI', 'HSI.HI', 'N225.GI', 'TY.CBT', 'FTSE.GI']，权重为：[0.09055545330370882, 0.3900863145092972, 0.08853480720852132, 0.09934348517601875, 0.04309477176814481, 0.040498143494228825, 0.01966513852666785, 0.047726974955602776, 0.12917609717585898, 0.05131881388195079]
2025-10-23 09:46:37,459 - RP_solo_ver2_3 - INFO - 回测，日期为：2024-08-22 00:00:00，产品为：['000300.SH', 'CBA00301.CS', 'AU9999.SGE', 'NH0100.NHF', 'IXIC.GI', 'SPX.GI', 'HSI.HI', 'N225.GI', 'TY.CBT', 'FTSE.GI']，权重为：[0.0993732839666952, 0.41824337266649103, 0.05569415151946156, 0.0839006961840538, 0.03411722568778123, 0.05052519510203698, 0.029392635163689344, 0.020253824910708408, 0.13338790686887692, 0.07511170793020559]
2025-10-23 09:46:55,439 - RP_solo_ver2_3 - INFO - 回测，日期为：2024-11-25 00:00:00，产品为：['000300.SH', 'CBA00301.CS', 'AU9999.SGE', 'NH0100.NHF', 'IXIC.GI', 'SPX.GI', 'HSI.HI', 'N225.GI', 'TY.CBT', 'FTSE.GI']，权重为：[0.024609127204763787, 0.6400771583871077, 0.03291867217852103, 0.04410854024250308, 0.0166330595008701, 0.0278372278516669, 0.008858972365806832, 0.02487069871043992, 0.1132972269474221, 0.06678931661089857]
2025-10-23 09:47:11,246 - RP_solo_ver2_3 - INFO - 回测，日期为：2025-02-26 00:00:00，产品为：['000300.SH', 'CBA00301.CS', 'AU9999.SGE', 'NH0100.NHF', 'IXIC.GI', 'SPX.GI', 'HSI.HI', 'N225.GI', 'TY.CBT', 'FTSE.GI']，权重为：[0.04092190122103627, 0.39152645764220817, 0.05321116895668454, 0.05910836389322027, 0.031191286539775303, 0.037237057997933684, 0.02002021001238233, 0.054183567413218905, 0.24719316890267928, 0.06540681742086131]
2025-10-23 09:47:24,285 - RP_solo_ver2_3 - INFO - 回测，日期为：2025-05-27 00:00:00，产品为：['000300.SH', 'CBA00301.CS', 'AU9999.SGE', 'NH0100.NHF', 'IXIC.GI', 'SPX.GI', 'HSI.HI', 'N225.GI', 'TY.CBT', 'FTSE.GI']，权重为：[0.050653441670171065, 0.4548855742528648, 0.09154251580655845, 0.052030256076877085, 0.03877485059733029, 0.051784501998780944, 0.01928023223060327, 0.031085647431310464, 0.1748424774964515, 0.03512050243905238]
2025-10-23 09:47:34,324 - RP_solo_ver2_3 - INFO - 回测，日期为：2025-08-20 00:00:00，产品为：['000300.SH', 'CBA00301.CS', 'AU9999.SGE', 'NH0100.NHF', 'IXIC.GI', 'SPX.GI', 'HSI.HI', 'N225.GI', 'TY.CBT', 'FTSE.GI']，权重为：[0.056082818184159194, 0.4208915301400568, 0.09304870683352869, 0.05594313034688158, 0.03267276658018044, 0.041433895489533495, 0.008839176199596198, 0.023425273919532925, 0.2145861689872312, 0.05307653331929943]
2025-10-23 09:47:34,338 - RP_solo_ver2_3 - INFO - 回测完成
2025-10-23 09:52:03,339 - RP_solo_ver2_3 - INFO - 策略相关指标,年化收益率:0.0612,波动率:0.0331,最大回撤:-0.0587,夏普比:1.8477
2025-10-23 09:52:39,582 - RP_solo_ver2_3 - INFO - 策略相关指标,年化收益率:0.0612,波动率:0.0331,最大回撤:-0.0587,夏普比:1.8477
2025-10-23 09:54:00,490 - RP_solo_ver2_3 - INFO - ==================================================
读取调仓日成功，调仓日期:
date_example:2016-01-04 00:00:00
date_example:2017-01-03 00:00:00
date_example:2018-01-02 00:00:00...
==================================================
2025-10-23 09:54:01,415 - RP_solo_ver2_3 - INFO - 回测，日期为：2016-01-04 00:00:00，产品为：['000300.SH', 'CBA00301.CS', 'AU9999.SGE', 'NH0100.NHF', 'IXIC.GI', 'SPX.GI', 'HSI.HI', 'N225.GI', 'TY.CBT', 'FTSE.GI']，权重为：[0.26920870998173996, 0.0202623533418973, 0.036597390262322116, 0.15085377933793154, 0.05535514665275354, 0.2013988885983612, 0.04228533716835592, 0.0724589439398704, 0.10905148486468597, 0.04252796585208207]
2025-10-23 09:54:10,024 - RP_solo_ver2_3 - INFO - 回测，日期为：2017-01-03 00:00:00，产品为：['000300.SH', 'CBA00301.CS', 'AU9999.SGE', 'NH0100.NHF', 'IXIC.GI', 'SPX.GI', 'HSI.HI', 'N225.GI', 'TY.CBT', 'FTSE.GI']，权重为：[0.07290196575133158, 0.14610647653902753, 0.10339648941492607, 0.03230967160632547, 0.08932758603823264, 0.09096340217932347, 0.0585848899026153, 0.07921516607565203, 0.2544179778576063, 0.07277637463495977]
2025-10-23 09:54:16,420 - RP_solo_ver2_3 - INFO - 回测，日期为：2018-01-02 00:00:00，产品为：['000300.SH', 'CBA00301.CS', 'AU9999.SGE', 'NH0100.NHF', 'IXIC.GI', 'SPX.GI', 'HSI.HI', 'N225.GI', 'TY.CBT', 'FTSE.GI']，权重为：[0.050896316926129434, 0.018719084166553594, 0.2374740977797133, 0.052695340951009036, 0.0857107026405959, 0.0847342988780578, 0.020169254561342793, 0.06119344569782043, 0.3214643686919238, 0.06694308970685409]
2025-10-23 09:54:31,156 - RP_solo_ver2_3 - INFO - 回测，日期为：2019-01-02 00:00:00，产品为：['000300.SH', 'CBA00301.CS', 'AU9999.SGE', 'NH0100.NHF', 'IXIC.GI', 'SPX.GI', 'HSI.HI', 'N225.GI', 'TY.CBT', 'FTSE.GI']，权重为：[0.02946704409048689, 0.2770852759604864, 0.17437797146725154, 0.05769590490086337, 0.021714514260099422, 0.02300070157396787, 0.0337360463466509, 0.023028546082780817, 0.3306561051430749, 0.02923789017433796]
2025-10-23 09:54:38,780 - RP_solo_ver2_3 - INFO - 回测，日期为：2020-01-02 00:00:00，产品为：['000300.SH', 'CBA00301.CS', 'AU9999.SGE', 'NH0100.NHF', 'IXIC.GI', 'SPX.GI', 'HSI.HI', 'N225.GI', 'TY.CBT', 'FTSE.GI']，权重为：[0.047516948224745593, 0.0586219806127769, 0.1658289112845929, 0.11937713996907139, 0.05682960142883113, 0.07425170891503693, 0.0432710095553561, 0.0713826179230593, 0.3173678908044332, 0.04555219128209679]
2025-10-23 09:54:46,456 - RP_solo_ver2_3 - INFO - 回测，日期为：2021-01-04 00:00:00，产品为：['000300.SH', 'CBA00301.CS', 'AU9999.SGE', 'NH0100.NHF', 'IXIC.GI', 'SPX.GI', 'HSI.HI', 'N225.GI', 'TY.CBT', 'FTSE.GI']，权重为：[0.030927701215478838, 0.07174932419793492, 0.05647128057961237, 0.04688288534518943, 0.050665233965313416, 0.0498670483735919, 0.045708334530669664, 0.04256859921463663, 0.5383770473076027, 0.06678254526997011]
2025-10-23 09:54:56,522 - RP_solo_ver2_3 - INFO - 回测，日期为：2022-01-04 00:00:00，产品为：['000300.SH', 'CBA00301.CS', 'AU9999.SGE', 'NH0100.NHF', 'IXIC.GI', 'SPX.GI', 'HSI.HI', 'N225.GI', 'TY.CBT', 'FTSE.GI']，权重为：[0.04384809323267205, 0.20429728870785505, 0.1181345629634553, 0.03194523144707458, 0.04967264894229314, 0.05398661727363926, 0.033503224671095407, 0.02851342407766258, 0.3707128115416779, 0.06538609714257489]
2025-10-23 09:55:07,478 - RP_solo_ver2_3 - INFO - 回测，日期为：2023-01-03 00:00:00，产品为：['000300.SH', 'CBA00301.CS', 'AU9999.SGE', 'NH0100.NHF', 'IXIC.GI', 'SPX.GI', 'HSI.HI', 'N225.GI', 'TY.CBT', 'FTSE.GI']，权重为：[0.04683702469625426, 0.4791003900180595, 0.10509298075576504, 0.04044346775873437, 0.027867056172291654, 0.03617814651350109, 0.028455409618389445, 0.06576485086375906, 0.10704011953456817, 0.06322055406867748]
2025-10-23 09:55:16,453 - RP_solo_ver2_3 - INFO - 回测，日期为：2024-01-02 00:00:00，产品为：['000300.SH', 'CBA00301.CS', 'AU9999.SGE', 'NH0100.NHF', 'IXIC.GI', 'SPX.GI', 'HSI.HI', 'N225.GI', 'TY.CBT', 'FTSE.GI']，权重为：[0.07051076587340965, 0.4651333699339593, 0.07249649167734742, 0.06808108397916772, 0.04543539057928373, 0.05022679711237208, 0.0203346203594795, 0.037146481794683196, 0.12195171841097306, 0.04868328027932434]
2025-10-23 09:55:26,165 - RP_solo_ver2_3 - INFO - 回测，日期为：2025-01-02 00:00:00，产品为：['000300.SH', 'CBA00301.CS', 'AU9999.SGE', 'NH0100.NHF', 'IXIC.GI', 'SPX.GI', 'HSI.HI', 'N225.GI', 'TY.CBT', 'FTSE.GI']，权重为：[0.031159384504534475, 0.4836988307074958, 0.045459090626088446, 0.04122389191565612, 0.022078462539643733, 0.03747995602031774, 0.04819290166760258, 0.04681297077027536, 0.1656150092321994, 0.0782795020161864]
2025-10-23 09:55:26,198 - RP_solo_ver2_3 - INFO - 回测完成
2025-10-23 09:55:43,784 - RP_solo_ver2_3 - INFO - 策略相关指标,年化收益率:0.0778,波动率:0.0532,最大回撤:-0.0974,夏普比:1.4626
2025-10-23 09:56:45,857 - RP_solo_ver2_3 - INFO - ==================================================
读取调仓日成功，调仓日期:
date_example:2016-01-04 00:00:00
date_example:2017-01-03 00:00:00
date_example:2018-01-02 00:00:00...
==================================================
2025-10-23 09:56:56,298 - RP_solo_ver2_3 - INFO - 回测，日期为：2016-01-04 00:00:00，产品为：['000300.SH', 'CBA00301.CS', 'AU9999.SGE', 'NH0100.NHF', 'IXIC.GI', 'SPX.GI', 'HSI.HI', 'N225.GI', 'TY.CBT', 'FTSE.GI']，权重为：[0.026165220114540425, 0.37998660471476114, 0.05106479476570129, 0.05847038949434271, 0.025362368104712766, 0.030319837062834747, 0.022768883680070146, 0.0469286128361351, 0.33515181861785304, 0.023781470609048526]
2025-10-23 09:57:06,627 - RP_solo_ver2_3 - INFO - 回测，日期为：2017-01-03 00:00:00，产品为：['000300.SH', 'CBA00301.CS', 'AU9999.SGE', 'NH0100.NHF', 'IXIC.GI', 'SPX.GI', 'HSI.HI', 'N225.GI', 'TY.CBT', 'FTSE.GI']，权重为：[0.05982570681491159, 0.2286231491705579, 0.1056792042828208, 0.03054880170448145, 0.059370642440877044, 0.063892593882888, 0.031571047588394865, 0.06741341778053132, 0.2983792602701216, 0.05469617606441539]
2025-10-23 09:57:13,019 - RP_solo_ver2_3 - INFO - 回测，日期为：2018-01-02 00:00:00，产品为：['000300.SH', 'CBA00301.CS', 'AU9999.SGE', 'NH0100.NHF', 'IXIC.GI', 'SPX.GI', 'HSI.HI', 'N225.GI', 'TY.CBT', 'FTSE.GI']，权重为：[0.06603486572407011, 0.21050593967874998, 0.10304612515253027, 0.04111838485150399, 0.06370854746453976, 0.09711237682119928, 0.020743250201899672, 0.05734328984479064, 0.2872771253534795, 0.05311009490723688]
2025-10-23 09:57:27,294 - RP_solo_ver2_3 - INFO - 回测，日期为：2019-01-02 00:00:00，产品为：['000300.SH', 'CBA00301.CS', 'AU9999.SGE', 'NH0100.NHF', 'IXIC.GI', 'SPX.GI', 'HSI.HI', 'N225.GI', 'TY.CBT', 'FTSE.GI']，权重为：[0.014553764115246575, 0.3140843195351263, 0.16458248122530883, 0.07923048117942925, 0.018919913510576692, 0.02206715058965767, 0.021938717234251833, 0.03774147248310097, 0.27918571172222467, 0.04769598840507747]
2025-10-23 09:57:36,032 - RP_solo_ver2_3 - INFO - 回测，日期为：2020-01-02 00:00:00，产品为：['000300.SH', 'CBA00301.CS', 'AU9999.SGE', 'NH0100.NHF', 'IXIC.GI', 'SPX.GI', 'HSI.HI', 'N225.GI', 'TY.CBT', 'FTSE.GI']，权重为：[0.050043447108769665, 0.17423357910741438, 0.07689762213971375, 0.06641972675190799, 0.03796760516161381, 0.04559891087871193, 0.03353833632111493, 0.06193994747830621, 0.3917204107220611, 0.061640414330386126]
2025-10-23 09:57:53,124 - RP_solo_ver2_3 - INFO - 回测，日期为：2021-01-04 00:00:00，产品为：['000300.SH', 'CBA00301.CS', 'AU9999.SGE', 'NH0100.NHF', 'IXIC.GI', 'SPX.GI', 'HSI.HI', 'N225.GI', 'TY.CBT', 'FTSE.GI']，权重为：[0.029990384678771565, 0.3845337158136836, 0.04119056668270018, 0.039030519464876054, 0.016486638578557755, 0.01877309997433705, 0.0264814957621493, 0.022402488647898355, 0.39726201417809903, 0.023849076218926873]
2025-10-23 09:58:01,543 - RP_solo_ver2_3 - INFO - 回测，日期为：2022-01-04 00:00:00，产品为：['000300.SH', 'CBA00301.CS', 'AU9999.SGE', 'NH0100.NHF', 'IXIC.GI', 'SPX.GI', 'HSI.HI', 'N225.GI', 'TY.CBT', 'FTSE.GI']，权重为：[0.04533796120846139, 0.2762191315888888, 0.07801434265527132, 0.04284760284254342, 0.02314545205405457, 0.04307383635617708, 0.021061599412288464, 0.03245691428687236, 0.3836202047395554, 0.054222954855887365]
2025-10-23 09:58:13,009 - RP_solo_ver2_3 - INFO - 回测，日期为：2023-01-03 00:00:00，产品为：['000300.SH', 'CBA00301.CS', 'AU9999.SGE', 'NH0100.NHF', 'IXIC.GI', 'SPX.GI', 'HSI.HI', 'N225.GI', 'TY.CBT', 'FTSE.GI']，权重为：[0.041474004775380886, 0.6149061561395286, 0.044766344647572, 0.03926665553417447, 0.011560678781607797, 0.02050906180084311, 0.018337793792255586, 0.040167256287941565, 0.13283637452633576, 0.03617567371436032]
2025-10-23 09:58:22,426 - RP_solo_ver2_3 - INFO - 回测，日期为：2024-01-02 00:00:00，产品为：['000300.SH', 'CBA00301.CS', 'AU9999.SGE', 'NH0100.NHF', 'IXIC.GI', 'SPX.GI', 'HSI.HI', 'N225.GI', 'TY.CBT', 'FTSE.GI']，权重为：[0.07200779502638202, 0.4222879527564017, 0.11325530623564721, 0.09198965299999483, 0.028750613639897192, 0.041817584386347986, 0.029813584896885955, 0.03252613121745224, 0.10517554356286371, 0.06237583527812713]
2025-10-23 09:58:38,066 - RP_solo_ver2_3 - INFO - 回测，日期为：2025-01-02 00:00:00，产品为：['000300.SH', 'CBA00301.CS', 'AU9999.SGE', 'NH0100.NHF', 'IXIC.GI', 'SPX.GI', 'HSI.HI', 'N225.GI', 'TY.CBT', 'FTSE.GI']，权重为：[0.03758146476761343, 0.509533368247034, 0.03873386000408403, 0.051069260728237406, 0.024767172891003924, 0.028357559623721548, 0.017422407370239288, 0.025626815997738556, 0.16311035085173767, 0.10379773951859039]
2025-10-23 09:58:38,111 - RP_solo_ver2_3 - INFO - 回测完成
2025-10-23 09:58:51,713 - RP_solo_ver2_3 - INFO - 策略相关指标,年化收益率:0.0623,波动率:0.0368,最大回撤:-0.0728,夏普比:1.6953
2025-10-23 09:59:21,717 - RP_solo_ver2_3 - INFO - ==================================================
读取调仓日成功，调仓日期:
date_example:2016-01-04 00:00:00
date_example:2017-01-03 00:00:00
date_example:2018-01-02 00:00:00...
==================================================
2025-10-23 09:59:51,980 - RP_solo_ver2_3 - INFO - ==================================================
读取调仓日成功，调仓日期:
date_example:2016-01-04 00:00:00
date_example:2017-01-03 00:00:00
date_example:2018-01-02 00:00:00...
==================================================
2025-10-23 10:00:04,915 - RP_solo_ver2_3 - INFO - 回测，日期为：2016-01-04 00:00:00，产品为：['000300.SH', 'CBA00301.CS', 'AU9999.SGE', 'NH0100.NHF', 'IXIC.GI', 'SPX.GI', 'HSI.HI', 'N225.GI', 'TY.CBT', 'FTSE.GI']，权重为：[0.027546136278445356, 0.32907621345780974, 0.050998202180445235, 0.05924680491057156, 0.03043875716183298, 0.033108296349588784, 0.02432964201490922, 0.046639156614425296, 0.3750571031463946, 0.02355968788557737]
2025-10-23 10:00:16,526 - RP_solo_ver2_3 - INFO - 回测，日期为：2017-01-03 00:00:00，产品为：['000300.SH', 'CBA00301.CS', 'AU9999.SGE', 'NH0100.NHF', 'IXIC.GI', 'SPX.GI', 'HSI.HI', 'N225.GI', 'TY.CBT', 'FTSE.GI']，权重为：[0.06092244506962427, 0.16640847929328056, 0.11267591050142296, 0.03146576872799965, 0.04577484060385181, 0.07464346397724729, 0.04439421290917315, 0.07107283129337348, 0.33505987054908515, 0.05758217707494164]
2025-10-23 10:00:27,299 - RP_solo_ver2_3 - INFO - 回测，日期为：2018-01-02 00:00:00，产品为：['000300.SH', 'CBA00301.CS', 'AU9999.SGE', 'NH0100.NHF', 'IXIC.GI', 'SPX.GI', 'HSI.HI', 'N225.GI', 'TY.CBT', 'FTSE.GI']，权重为：[0.03968194441094548, 0.6362403060366556, 0.0863342723360856, 0.033507054229063575, 0.02617135504623943, 0.08675584470860323, 0.023448008620355707, 0.01525758108081034, 0.019644059014621944, 0.032959574516619156]
2025-10-23 10:00:41,555 - RP_solo_ver2_3 - INFO - 回测，日期为：2019-01-02 00:00:00，产品为：['000300.SH', 'CBA00301.CS', 'AU9999.SGE', 'NH0100.NHF', 'IXIC.GI', 'SPX.GI', 'HSI.HI', 'N225.GI', 'TY.CBT', 'FTSE.GI']，权重为：[0.020753439165940475, 0.3246213221851814, 0.1668241681776295, 0.07370926780865886, 0.018080357080400233, 0.024868371673268528, 0.028445617961071444, 0.030691550428192448, 0.26806744093703994, 0.04393846458261712]
2025-10-23 10:00:49,978 - RP_solo_ver2_3 - INFO - 回测，日期为：2020-01-02 00:00:00，产品为：['000300.SH', 'CBA00301.CS', 'AU9999.SGE', 'NH0100.NHF', 'IXIC.GI', 'SPX.GI', 'HSI.HI', 'N225.GI', 'TY.CBT', 'FTSE.GI']，权重为：[0.04007848762165303, 0.2971765802064145, 0.07757992761208217, 0.07474061038014955, 0.03367451994503187, 0.047944851962780845, 0.0275841114081103, 0.05963939107917218, 0.29572801875074284, 0.045853501033862785]
2025-10-23 10:01:06,351 - RP_solo_ver2_3 - INFO - 回测，日期为：2021-01-04 00:00:00，产品为：['000300.SH', 'CBA00301.CS', 'AU9999.SGE', 'NH0100.NHF', 'IXIC.GI', 'SPX.GI', 'HSI.HI', 'N225.GI', 'TY.CBT', 'FTSE.GI']，权重为：[0.02724712223401171, 0.41452654598388583, 0.039640522789707006, 0.0353675202790174, 0.016052844613407512, 0.019295379543412372, 0.02505394532888398, 0.021533963470939065, 0.37700067735660986, 0.0242814784001253]
2025-10-23 10:01:13,878 - RP_solo_ver2_3 - INFO - 回测，日期为：2022-01-04 00:00:00，产品为：['000300.SH', 'CBA00301.CS', 'AU9999.SGE', 'NH0100.NHF', 'IXIC.GI', 'SPX.GI', 'HSI.HI', 'N225.GI', 'TY.CBT', 'FTSE.GI']，权重为：[0.04290487125022151, 0.24106305396143307, 0.07338108269118923, 0.055271084246838666, 0.01972936797009956, 0.03836067497837276, 0.02617123072134121, 0.031526194629351086, 0.41806106796579956, 0.05353137158535332]
2025-10-23 10:01:25,925 - RP_solo_ver2_3 - INFO - 回测，日期为：2023-01-03 00:00:00，产品为：['000300.SH', 'CBA00301.CS', 'AU9999.SGE', 'NH0100.NHF', 'IXIC.GI', 'SPX.GI', 'HSI.HI', 'N225.GI', 'TY.CBT', 'FTSE.GI']，权重为：[0.06419344014040569, 0.508883172012964, 0.11270872488226642, 0.04102315088601769, 0.020475757968382656, 0.0337372308984602, 0.020068917440409555, 0.03968341178317596, 0.09510679438794968, 0.06411939959996807]
2025-10-23 10:01:36,640 - RP_solo_ver2_3 - INFO - 回测，日期为：2024-01-02 00:00:00，产品为：['000300.SH', 'CBA00301.CS', 'AU9999.SGE', 'NH0100.NHF', 'IXIC.GI', 'SPX.GI', 'HSI.HI', 'N225.GI', 'TY.CBT', 'FTSE.GI']，权重为：[0.06576276285739044, 0.4160420691530662, 0.11983237196326074, 0.1041914527519814, 0.03140691891124306, 0.03897219034227818, 0.03246360496481266, 0.043352220883113274, 0.09032513727552645, 0.05765127089732765]
2025-10-23 10:01:51,572 - RP_solo_ver2_3 - INFO - 回测，日期为：2025-01-02 00:00:00，产品为：['000300.SH', 'CBA00301.CS', 'AU9999.SGE', 'NH0100.NHF', 'IXIC.GI', 'SPX.GI', 'HSI.HI', 'N225.GI', 'TY.CBT', 'FTSE.GI']，权重为：[0.03354097127736626, 0.4674250882565402, 0.0618137545665374, 0.039869904139201426, 0.025595387100265862, 0.0435099838509579, 0.022045148011073115, 0.029447376015536205, 0.19712636867142644, 0.07962601811109529]
2025-10-23 10:01:51,606 - RP_solo_ver2_3 - INFO - 回测完成
2025-10-23 10:02:02,079 - RP_solo_ver2_3 - INFO - 策略相关指标,年化收益率:0.0719,波动率:0.0359,最大回撤:-0.0767,夏普比:2.0045
2025-10-23 10:04:19,276 - RP_solo_ver2_3 - INFO - ==================================================
读取调仓日成功，调仓日期:
date_example:2016-01-04 00:00:00
date_example:2017-01-03 00:00:00
date_example:2018-01-02 00:00:00...
==================================================
2025-10-23 10:04:28,964 - RP_solo_ver2_3 - INFO - 回测，日期为：2016-01-04 00:00:00，产品为：['000300.SH', 'CBA00301.CS', 'AU9999.SGE', 'NH0100.NHF', 'IXIC.GI', 'SPX.GI', 'HSI.HI', 'N225.GI', 'TY.CBT', 'FTSE.GI']，权重为：[0.029032337267998396, 0.3340623650736405, 0.04646534687852148, 0.06488057689483842, 0.030831971195704144, 0.0331784003181982, 0.02299614027885493, 0.04324783033441555, 0.3679495283017058, 0.02735550345612263]
2025-10-23 10:04:38,777 - RP_solo_ver2_3 - INFO - 回测，日期为：2017-01-03 00:00:00，产品为：['000300.SH', 'CBA00301.CS', 'AU9999.SGE', 'NH0100.NHF', 'IXIC.GI', 'SPX.GI', 'HSI.HI', 'N225.GI', 'TY.CBT', 'FTSE.GI']，权重为：[0.051732449745652734, 0.19809156117714716, 0.09351086282295148, 0.03585821474675989, 0.056836360118896784, 0.059393447014671745, 0.03795447116935986, 0.06979834241737143, 0.3460744689357806, 0.05074982185140839]
2025-10-23 10:04:45,754 - RP_solo_ver2_3 - INFO - 回测，日期为：2018-01-02 00:00:00，产品为：['000300.SH', 'CBA00301.CS', 'AU9999.SGE', 'NH0100.NHF', 'IXIC.GI', 'SPX.GI', 'HSI.HI', 'N225.GI', 'TY.CBT', 'FTSE.GI']，权重为：[0.0568860685590123, 0.351370672644094, 0.12451156158380454, 0.03313953920144433, 0.04117689242216528, 0.10050624225819059, 0.0313025287658845, 0.04489734874284386, 0.1676487050229894, 0.04856044079957114]
2025-10-23 10:05:00,817 - RP_solo_ver2_3 - INFO - 回测，日期为：2019-01-02 00:00:00，产品为：['000300.SH', 'CBA00301.CS', 'AU9999.SGE', 'NH0100.NHF', 'IXIC.GI', 'SPX.GI', 'HSI.HI', 'N225.GI', 'TY.CBT', 'FTSE.GI']，权重为：[0.021251037850103727, 0.3070400295563178, 0.19579908883776725, 0.07295812991332729, 0.018128959366193062, 0.0236479026314214, 0.028166159718545452, 0.03492287665391133, 0.24897289075496717, 0.049112924717445376]
2025-10-23 10:05:10,211 - RP_solo_ver2_3 - INFO - 回测，日期为：2020-01-02 00:00:00，产品为：['000300.SH', 'CBA00301.CS', 'AU9999.SGE', 'NH0100.NHF', 'IXIC.GI', 'SPX.GI', 'HSI.HI', 'N225.GI', 'TY.CBT', 'FTSE.GI']，权重为：[0.040572584771645936, 0.2462612334279537, 0.08092080258771717, 0.07987616129310433, 0.03467162381941036, 0.04213205725246791, 0.024952689215560937, 0.06425342628447334, 0.3284561410613847, 0.05790328028628158]
2025-10-23 10:05:29,107 - RP_solo_ver2_3 - INFO - 回测，日期为：2021-01-04 00:00:00，产品为：['000300.SH', 'CBA00301.CS', 'AU9999.SGE', 'NH0100.NHF', 'IXIC.GI', 'SPX.GI', 'HSI.HI', 'N225.GI', 'TY.CBT', 'FTSE.GI']，权重为：[0.028970683256255098, 0.40902430589251204, 0.038637580736558784, 0.03717881166116691, 0.016549997393805475, 0.01766994136332512, 0.026635869912246195, 0.020975377611506824, 0.38039024001164246, 0.023967192160981275]
2025-10-23 10:05:38,524 - RP_solo_ver2_3 - INFO - 回测，日期为：2022-01-04 00:00:00，产品为：['000300.SH', 'CBA00301.CS', 'AU9999.SGE', 'NH0100.NHF', 'IXIC.GI', 'SPX.GI', 'HSI.HI', 'N225.GI', 'TY.CBT', 'FTSE.GI']，权重为：[0.05562138588496532, 0.06343730994197967, 0.083634531182346, 0.06203133536205066, 0.03540449924432956, 0.033870174439329895, 0.033392542968510526, 0.033194630857671444, 0.5323429621913294, 0.06707062792748733]
2025-10-23 10:05:51,753 - RP_solo_ver2_3 - INFO - 回测，日期为：2023-01-03 00:00:00，产品为：['000300.SH', 'CBA00301.CS', 'AU9999.SGE', 'NH0100.NHF', 'IXIC.GI', 'SPX.GI', 'HSI.HI', 'N225.GI', 'TY.CBT', 'FTSE.GI']，权重为：[0.04969308429273593, 0.5832247297529445, 0.0793916651459237, 0.04102007856866774, 0.021384525750185002, 0.02766313119560103, 0.020590030055164757, 0.029527477190705954, 0.09457953307606388, 0.05292574497200766]
2025-10-23 10:06:00,686 - RP_solo_ver2_3 - INFO - 回测，日期为：2024-01-02 00:00:00，产品为：['000300.SH', 'CBA00301.CS', 'AU9999.SGE', 'NH0100.NHF', 'IXIC.GI', 'SPX.GI', 'HSI.HI', 'N225.GI', 'TY.CBT', 'FTSE.GI']，权重为：[0.07151355130548262, 0.36804093118423714, 0.11623694141987016, 0.10145932361730833, 0.03424035018956075, 0.041614996103943876, 0.03203380405598703, 0.04405381290681411, 0.12756968789624634, 0.06323660132054956]
2025-10-23 10:06:17,591 - RP_solo_ver2_3 - INFO - 回测，日期为：2025-01-02 00:00:00，产品为：['000300.SH', 'CBA00301.CS', 'AU9999.SGE', 'NH0100.NHF', 'IXIC.GI', 'SPX.GI', 'HSI.HI', 'N225.GI', 'TY.CBT', 'FTSE.GI']，权重为：[0.03741923883728549, 0.4722999605530235, 0.06187813759703711, 0.05166850669964529, 0.02715297480761718, 0.0341530832377869, 0.023869988249980784, 0.03217926466070297, 0.19772896535859358, 0.06164987999832712]
2025-10-23 10:06:17,631 - RP_solo_ver2_3 - INFO - 回测完成
2025-10-23 10:06:39,026 - RP_solo_ver2_3 - INFO - 策略相关指标,年化收益率:0.0639,波动率:0.0388,最大回撤:-0.1087,夏普比:1.6447
