2025-10-29 14:30:15,091 - RP_solo_ver2_3 - INFO - 日志建立完成
2025-10-29 14:30:15,138 - RP_solo_ver2_3 - INFO - 日志建立完成
2025-10-29 14:30:47,638 - RP_solo_ver2_3 - INFO - ==================================================
读取调仓日成功，调仓日期:
date_example:2016-01-04 00:00:00
date_example:2017-01-03 00:00:00
date_example:2018-01-02 00:00:00...
==================================================
2025-10-29 14:31:35,854 - RP_solo_ver2_3 - INFO - ==================================================
读取调仓日成功，调仓日期:
date_example:2016-01-04 00:00:00
date_example:2017-01-03 00:00:00
date_example:2018-01-02 00:00:00...
==================================================
2025-10-29 14:31:40,461 - RP_solo_ver2_3 - INFO - 回测，日期为：2016-01-04 00:00:00，产品为：['000300.SH', 'CBA00301.CS', 'AU9999.SGE', 'NH0100.NHF', 'SPX.GI', 'N225.GI']，权重为：[0.03917621269430537, 0.6024455951128852, 0.10726841427629366, 0.09982897558634021, 0.06129039847914984, 0.08999040385102589]
2025-10-29 14:31:45,991 - RP_solo_ver2_3 - INFO - 回测，日期为：2017-01-03 00:00:00，产品为：['000300.SH', 'CBA00301.CS', 'AU9999.SGE', 'NH0100.NHF', 'SPX.GI', 'N225.GI']，权重为：[0.0808324357174093, 0.46579727528856607, 0.18699052240469138, 0.043542828439992624, 0.11731408300356858, 0.1055228551457722]
2025-10-29 14:31:50,171 - RP_solo_ver2_3 - INFO - 回测，日期为：2018-01-02 00:00:00，产品为：['000300.SH', 'CBA00301.CS', 'AU9999.SGE', 'NH0100.NHF', 'SPX.GI', 'N225.GI']，权重为：[0.054967605436138246, 0.6788762121135505, 0.1026544301347659, 0.034636205525380936, 0.06550399165812287, 0.06336155513204149]
2025-10-29 14:31:56,113 - RP_solo_ver2_3 - INFO - 回测，日期为：2019-01-02 00:00:00，产品为：['000300.SH', 'CBA00301.CS', 'AU9999.SGE', 'NH0100.NHF', 'SPX.GI', 'N225.GI']，权重为：[0.0443217442706495, 0.5198078503587806, 0.23116101956139679, 0.09725337901326467, 0.04641860459614461, 0.06103740219976375]
2025-10-29 14:32:00,563 - RP_solo_ver2_3 - INFO - 回测，日期为：2020-01-02 00:00:00，产品为：['000300.SH', 'CBA00301.CS', 'AU9999.SGE', 'NH0100.NHF', 'SPX.GI', 'N225.GI']，权重为：[0.0581587730260045, 0.5620296797400682, 0.11142946813909273, 0.10027841269918143, 0.08728695846033536, 0.08081670793531767]
2025-10-29 14:32:09,081 - RP_solo_ver2_3 - INFO - 回测，日期为：2021-01-04 00:00:00，产品为：['000300.SH', 'CBA00301.CS', 'AU9999.SGE', 'NH0100.NHF', 'SPX.GI', 'N225.GI']，权重为：[0.05797769698532202, 0.7147626865333164, 0.0770983843306184, 0.06876527698333738, 0.03742322957445918, 0.043972725592946564]
2025-10-29 14:32:13,383 - RP_solo_ver2_3 - INFO - 回测，日期为：2022-01-04 00:00:00，产品为：['000300.SH', 'CBA00301.CS', 'AU9999.SGE', 'NH0100.NHF', 'SPX.GI', 'N225.GI']，权重为：[0.06209011744262342, 0.6772033702030166, 0.08095147602740348, 0.05878825257804534, 0.060796470393425894, 0.06017031335548533]
2025-10-29 14:32:18,580 - RP_solo_ver2_3 - INFO - 回测，日期为：2023-01-03 00:00:00，产品为：['000300.SH', 'CBA00301.CS', 'AU9999.SGE', 'NH0100.NHF', 'SPX.GI', 'N225.GI']，权重为：[0.06648033558378688, 0.7288226249857533, 0.08584582847710355, 0.04143077928612836, 0.03893425778100376, 0.038486173886224134]
2025-10-29 14:32:23,346 - RP_solo_ver2_3 - INFO - 回测，日期为：2024-01-02 00:00:00，产品为：['000300.SH', 'CBA00301.CS', 'AU9999.SGE', 'NH0100.NHF', 'SPX.GI', 'N225.GI']，权重为：[0.08406071081445113, 0.6255859608175445, 0.10771351530976098, 0.07156406896897331, 0.058561714639297005, 0.05251402944997326]
2025-10-29 14:32:29,357 - RP_solo_ver2_3 - INFO - 回测，日期为：2025-01-02 00:00:00，产品为：['000300.SH', 'CBA00301.CS', 'AU9999.SGE', 'NH0100.NHF', 'SPX.GI', 'N225.GI']，权重为：[0.048749816130098975, 0.6929712653894855, 0.08030608068789262, 0.07177395516835917, 0.06387563114029154, 0.042323251483872185]
2025-10-29 14:32:29,389 - RP_solo_ver2_3 - INFO - 回测完成
